<?xml version="1.0" encoding="UTF-8"?>
<testsuite xmlns:xsi="http://www.w3.org/2001/XMLSchema-instance" xsi:noNamespaceSchemaLocation="https://maven.apache.org/surefire/maven-surefire-plugin/xsd/surefire-test-report.xsd" name="model.TestDao" time="6.132" tests="8" errors="0" skipped="0" failures="0">
  <properties>
[...]
</properties>
  <testcase name="test1" classname="model.TestDao" time="4.874"/>
  <testcase name="test2" classname="model.TestDao" time="0.115"/>
  <testcase name="test3" classname="model.TestDao" time="0.167"/>
  <testcase name="test4" classname="model.TestDao" time="0.067"/>
  <testcase name="test5" classname="model.TestDao" time="0.181"/>
  <testcase name="test6" classname="model.TestDao" time="0.068"/>
  <testcase name="test7" classname="model.TestDao" time="0.307"/>
  <testcase name="test8" classname="model.TestDao" time="0.111"/>
</testsuite>