<?xml version="1.0" encoding="UTF-8"?>
<testsuite xmlns:xsi="http://www.w3.org/2001/XMLSchema-instance" xsi:noNamespaceSchemaLocation="https://maven.apache.org/surefire/maven-surefire-plugin/xsd/surefire-test-report.xsd" name="model.TestDao" time="7.126" tests="8" errors="0" skipped="0" failures="0">
  <properties>
[...]
</properties>
  <testcase name="test1" classname="model.TestDao" time="5.908"/>
  <testcase name="test2" classname="model.TestDao" time="0.092"/>
  <testcase name="test3" classname="model.TestDao" time="0.229"/>
  <testcase name="test4" classname="model.TestDao" time="0.07"/>
  <testcase name="test5" classname="model.TestDao" time="0.138"/>
  <testcase name="test6" classname="model.TestDao" time="0.069"/>
  <testcase name="test7" classname="model.TestDao" time="0.319"/>
  <testcase name="test8" classname="model.TestDao" time="0.214"/>
</testsuite>